<?xml version="1.0" encoding="UTF-8"?>
<testsuite xmlns:xsi="http://www.w3.org/2001/XMLSchema-instance" xsi:noNamespaceSchemaLocation="https://maven.apache.org/surefire/maven-surefire-plugin/xsd/surefire-test-report-3.0.xsd" version="3.0" name="ch.ubs.m295.demo.integrationTests.TestServiceControllerTest" time="5.215" tests="1" errors="0" skipped="0" failures="0">
  <properties>
[...]
</properties>
  <testcase name="test" classname="ch.ubs.m295.demo.integrationTests.TestServiceControllerTest" time="1.091">
    <system-out><![CDATA[15:48:20.207 [main] INFO org.springframework.test.context.support.AnnotationConfigContextLoaderUtils -- Could not detect default configuration classes for test class [ch.ubs.m295.demo.integrationTests.TestServiceControllerTest]: TestServiceControllerTest does not declare any static, non-private, non-final, nested classes annotated with @Configuration.
15:48:20.365 [main] INFO org.springframework.boot.test.context.SpringBootTestContextBootstrapper -- Found @SpringBootConfiguration ch.ubs.m295.demo.M295Application for test class ch.ubs.m295.demo.integrationTests.TestServiceControllerTest

  .   ____          _            __ _ _
 /\\ / ___'_ __ _ _(_)_ __  __ _ \ \ \ \
( ( )\___ | '_ | '_| | '_ \/ _` | \ \ \ \
 \\/  ___)| |_)| | | | | || (_| |  ) ) ) )
  '  |____| .__|_| |_|_| |_\__, | / / / /
 =========|_|==============|___/=/_/_/_/
 :: Spring Boot ::                (v3.1.0)

2023-05-24T15:48:20.861+02:00  INFO 38440 --- [           main] c.u.m.d.i.TestServiceControllerTest      : Starting TestServiceControllerTest using Java 17.0.7 with PID 38440 (started by andre in C:\development\m295)
2023-05-24T15:48:20.862+02:00 DEBUG 38440 --- [           main] c.u.m.d.i.TestServiceControllerTest      : Running with Spring Boot v3.1.0, Spring v6.0.9
2023-05-24T15:48:20.862+02:00  INFO 38440 --- [           main] c.u.m.d.i.TestServiceControllerTest      : No active profile set, falling back to 1 default profile: "default"
2023-05-24T15:48:22.342+02:00  INFO 38440 --- [           main] o.s.b.w.embedded.tomcat.TomcatWebServer  : Tomcat initialized with port(s): 0 (http)
2023-05-24T15:48:22.356+02:00  INFO 38440 --- [           main] o.apache.catalina.core.StandardService   : Starting service [Tomcat]
2023-05-24T15:48:22.356+02:00  INFO 38440 --- [           main] o.apache.catalina.core.StandardEngine    : Starting Servlet engine: [Apache Tomcat/10.1.8]
2023-05-24T15:48:22.518+02:00  INFO 38440 --- [           main] o.a.c.c.C.[Tomcat].[localhost].[/]       : Initializing Spring embedded WebApplicationContext
2023-05-24T15:48:22.520+02:00  INFO 38440 --- [           main] w.s.c.ServletWebServerApplicationContext : Root WebApplicationContext: initialization completed in 1636 ms
2023-05-24T15:48:22.736+02:00  WARN 38440 --- [           main] o.s.security.core.userdetails.User       : User.withDefaultPasswordEncoder() is considered unsafe for production and is only intended for sample applications.
2023-05-24T15:48:23.130+02:00  INFO 38440 --- [           main] o.s.s.web.DefaultSecurityFilterChain     : Will secure any request with [org.springframework.security.web.session.DisableEncodeUrlFilter@280fafd, org.springframework.security.web.context.request.async.WebAsyncManagerIntegrationFilter@39e53bef, org.springframework.security.web.context.SecurityContextHolderFilter@740a0d5e, org.springframework.security.web.header.HeaderWriterFilter@1f884bd6, org.springframework.security.web.csrf.CsrfFilter@4026461d, org.springframework.security.web.authentication.logout.LogoutFilter@15214920, org.springframework.security.web.authentication.www.BasicAuthenticationFilter@18e4674d, org.springframework.security.web.savedrequest.RequestCacheAwareFilter@265c1a7c, org.springframework.security.web.servletapi.SecurityContextHolderAwareRequestFilter@19f02280, org.springframework.security.web.authentication.AnonymousAuthenticationFilter@14b275bd, org.springframework.security.web.access.ExceptionTranslationFilter@16a3cc88, org.springframework.security.web.access.intercept.AuthorizationFilter@3a3b10f4]
sampleProperty
1
2023-05-24T15:48:23.134+02:00  INFO 38440 --- [           main] ch.ubs.m295.demo.services.AppLogger      : AppLogger created
2023-05-24T15:48:23.134+02:00 ERROR 38440 --- [           main] ch.ubs.m295.demo.services.AppLogger      : AppLogger created
2023-05-24T15:48:23.134+02:00 DEBUG 38440 --- [           main] ch.ubs.m295.demo.services.AppLogger      : AppLogger created
2023-05-24T15:48:23.134+02:00  WARN 38440 --- [           main] ch.ubs.m295.demo.services.AppLogger      : AppLogger created
2023-05-24T15:48:23.264+02:00 DEBUG 38440 --- [           main] s.w.s.m.m.a.RequestMappingHandlerAdapter : ControllerAdvice beans: 0 @ModelAttribute, 0 @InitBinder, 1 RequestBodyAdvice, 1 ResponseBodyAdvice
2023-05-24T15:48:23.380+02:00 DEBUG 38440 --- [           main] s.w.s.m.m.a.RequestMappingHandlerMapping : 8 mappings in 'requestMappingHandlerMapping'
2023-05-24T15:48:23.954+02:00 DEBUG 38440 --- [           main] o.s.w.s.handler.SimpleUrlHandlerMapping  : Patterns [/webjars/**, /**] in 'resourceHandlerMapping'
2023-05-24T15:48:23.963+02:00 DEBUG 38440 --- [           main] .m.m.a.ExceptionHandlerExceptionResolver : ControllerAdvice beans: 0 @ExceptionHandler, 1 ResponseBodyAdvice
2023-05-24T15:48:24.151+02:00  INFO 38440 --- [           main] o.s.b.w.embedded.tomcat.TomcatWebServer  : Tomcat started on port(s): 62664 (http) with context path ''
2023-05-24T15:48:24.162+02:00  INFO 38440 --- [           main] c.u.m.d.i.TestServiceControllerTest      : Started TestServiceControllerTest in 3.63 seconds (process running for 4.824)
]]></system-out>
  </testcase>
</testsuite>